2019-10-17 08:21:34,565 INFO [org.springframework.test.context.support.DefaultTestContextBootstrapper] - Loaded default TestExecutionListener class names from location [META-INF/spring.factories]: [org.springframework.test.context.web.ServletTestExecutionListener, org.springframework.test.context.support.DirtiesContextBeforeModesTestExecutionListener, org.springframework.test.context.support.DependencyInjectionTestExecutionListener, org.springframework.test.context.support.DirtiesContextTestExecutionListener, org.springframework.test.context.transaction.TransactionalTestExecutionListener, org.springframework.test.context.jdbc.SqlScriptsTestExecutionListener]
2019-10-17 08:21:34,629 INFO [org.springframework.test.context.support.DefaultTestContextBootstrapper] - Using TestExecutionListeners: [org.springframework.test.context.web.ServletTestExecutionListener@1efef64, org.springframework.test.context.support.DirtiesContextBeforeModesTestExecutionListener@17fd0e6, org.springframework.test.context.support.DependencyInjectionTestExecutionListener@1c62251, org.springframework.test.context.support.DirtiesContextTestExecutionListener@6fa38a, org.springframework.test.context.transaction.TransactionalTestExecutionListener@a3ffec, org.springframework.test.context.jdbc.SqlScriptsTestExecutionListener@1caeb3e]
2019-10-17 08:21:34,798 INFO [org.springframework.beans.factory.xml.XmlBeanDefinitionReader] - Loading XML bean definitions from class path resource [spring-context.xml]
2019-10-17 08:21:35,392 INFO [org.springframework.beans.factory.xml.XmlBeanDefinitionReader] - Loading XML bean definitions from class path resource [spring-context-druid.xml]
2019-10-17 08:21:35,448 INFO [org.springframework.beans.factory.xml.XmlBeanDefinitionReader] - Loading XML bean definitions from class path resource [spring-context-mybatis.xml]
2019-10-17 08:21:35,484 INFO [org.springframework.context.support.GenericApplicationContext] - Refreshing org.springframework.context.support.GenericApplicationContext@1e3c938: startup date [Thu Oct 17 08:21:35 CST 2019]; root of context hierarchy
2019-10-17 08:21:36,916 INFO [com.alibaba.druid.pool.DruidDataSource] - {dataSource-1} inited
2019-10-17 08:21:37,734 INFO [org.springframework.context.support.GenericApplicationContext] - Closing org.springframework.context.support.GenericApplicationContext@1e3c938: startup date [Thu Oct 17 08:21:35 CST 2019]; root of context hierarchy
2019-10-17 08:21:37,744 INFO [com.alibaba.druid.pool.DruidDataSource] - {dataSource-1} closed
2019-10-17 08:24:53,275 INFO [org.springframework.test.context.support.DefaultTestContextBootstrapper] - Loaded default TestExecutionListener class names from location [META-INF/spring.factories]: [org.springframework.test.context.web.ServletTestExecutionListener, org.springframework.test.context.support.DirtiesContextBeforeModesTestExecutionListener, org.springframework.test.context.support.DependencyInjectionTestExecutionListener, org.springframework.test.context.support.DirtiesContextTestExecutionListener, org.springframework.test.context.transaction.TransactionalTestExecutionListener, org.springframework.test.context.jdbc.SqlScriptsTestExecutionListener]
2019-10-17 08:24:53,308 INFO [org.springframework.test.context.support.DefaultTestContextBootstrapper] - Using TestExecutionListeners: [org.springframework.test.context.web.ServletTestExecutionListener@1efef64, org.springframework.test.context.support.DirtiesContextBeforeModesTestExecutionListener@17fd0e6, org.springframework.test.context.support.DependencyInjectionTestExecutionListener@1c62251, org.springframework.test.context.support.DirtiesContextTestExecutionListener@6fa38a, org.springframework.test.context.transaction.TransactionalTestExecutionListener@a3ffec, org.springframework.test.context.jdbc.SqlScriptsTestExecutionListener@1caeb3e]
2019-10-17 08:24:53,478 INFO [org.springframework.beans.factory.xml.XmlBeanDefinitionReader] - Loading XML bean definitions from class path resource [spring-context.xml]
2019-10-17 08:24:53,822 INFO [org.springframework.beans.factory.xml.XmlBeanDefinitionReader] - Loading XML bean definitions from class path resource [spring-context-druid.xml]
2019-10-17 08:24:53,880 INFO [org.springframework.beans.factory.xml.XmlBeanDefinitionReader] - Loading XML bean definitions from class path resource [spring-context-mybatis.xml]
2019-10-17 08:24:53,910 INFO [org.springframework.context.support.GenericApplicationContext] - Refreshing org.springframework.context.support.GenericApplicationContext@1e3c938: startup date [Thu Oct 17 08:24:53 CST 2019]; root of context hierarchy
2019-10-17 08:24:55,089 INFO [com.alibaba.druid.pool.DruidDataSource] - {dataSource-1} inited
2019-10-17 08:24:55,690 INFO [org.springframework.context.support.GenericApplicationContext] - Closing org.springframework.context.support.GenericApplicationContext@1e3c938: startup date [Thu Oct 17 08:24:53 CST 2019]; root of context hierarchy
2019-10-17 08:24:55,697 INFO [com.alibaba.druid.pool.DruidDataSource] - {dataSource-1} closed
2019-10-17 08:51:38,800 INFO [org.springframework.test.context.support.DefaultTestContextBootstrapper] - Loaded default TestExecutionListener class names from location [META-INF/spring.factories]: [org.springframework.test.context.web.ServletTestExecutionListener, org.springframework.test.context.support.DirtiesContextBeforeModesTestExecutionListener, org.springframework.test.context.support.DependencyInjectionTestExecutionListener, org.springframework.test.context.support.DirtiesContextTestExecutionListener, org.springframework.test.context.transaction.TransactionalTestExecutionListener, org.springframework.test.context.jdbc.SqlScriptsTestExecutionListener]
2019-10-17 08:51:38,828 INFO [org.springframework.test.context.support.DefaultTestContextBootstrapper] - Using TestExecutionListeners: [org.springframework.test.context.web.ServletTestExecutionListener@1efef64, org.springframework.test.context.support.DirtiesContextBeforeModesTestExecutionListener@17fd0e6, org.springframework.test.context.support.DependencyInjectionTestExecutionListener@1c62251, org.springframework.test.context.support.DirtiesContextTestExecutionListener@6fa38a, org.springframework.test.context.transaction.TransactionalTestExecutionListener@a3ffec, org.springframework.test.context.jdbc.SqlScriptsTestExecutionListener@1caeb3e]
2019-10-17 08:51:38,992 INFO [org.springframework.beans.factory.xml.XmlBeanDefinitionReader] - Loading XML bean definitions from class path resource [spring-context.xml]
2019-10-17 08:51:39,345 INFO [org.springframework.beans.factory.xml.XmlBeanDefinitionReader] - Loading XML bean definitions from class path resource [spring-context-druid.xml]
2019-10-17 08:51:39,400 INFO [org.springframework.beans.factory.xml.XmlBeanDefinitionReader] - Loading XML bean definitions from class path resource [spring-context-mybatis.xml]
2019-10-17 08:51:39,426 INFO [org.springframework.context.support.GenericApplicationContext] - Refreshing org.springframework.context.support.GenericApplicationContext@1e3c938: startup date [Thu Oct 17 08:51:39 CST 2019]; root of context hierarchy
2019-10-17 08:51:40,605 INFO [com.alibaba.druid.pool.DruidDataSource] - {dataSource-1} inited
2019-10-17 08:51:41,056 INFO [org.springframework.context.support.GenericApplicationContext] - Closing org.springframework.context.support.GenericApplicationContext@1e3c938: startup date [Thu Oct 17 08:51:39 CST 2019]; root of context hierarchy
2019-10-17 08:51:41,069 INFO [com.alibaba.druid.pool.DruidDataSource] - {dataSource-1} closed
